<?xml version="1.0" encoding="UTF-8"?>
<!-- Generated by org.testng.reporters.JUnitXMLReporter -->
<testsuite hostname="Lenovo" ignored="2" name="Test" tests="1" failures="0" timestamp="2021-02-17T13:29:23 IST" time="0.334" errors="0">
  <testcase name="mobileSearch" time="0.029" classname="com.testng.concepts.Ignore_Concept"/>
  <testcase name="laptopSearch" time="0.0" classname="com.testng.concepts.Ignore_Concept">
    <ignored/>
  </testcase> <!-- laptopSearch -->
  <testcase name="bookSearch" time="0.0" classname="com.testng.concepts.Ignore_Concept">
    <ignored/>
  </testcase> <!-- bookSearch -->
</testsuite> <!-- Test -->
